[2026-05-25 22:51:10] STARTING: SEO Competitor Hunter...
RESULT:
[2026-05-25 22:51:10] [START] Cron Engine Initialized. Starting SEO Hunter (Competitor Spy)...
[2026-05-25 22:51:10] [ANALYSIS] Analyzing Radar for the biggest competitor threat...
[2026-05-25 22:51:10] [SUCCESS] Target Locked: Smmfollows.com
[2026-05-25 22:51:10] [INFO] Initiating API infiltration on Smmfollows.com...
[2026-05-25 22:51:11] [INFO] Transaction Started. Extracting golden keywords...
[2026-05-25 22:51:11] [SUCCESS] Data secured in vault.
[2026-05-25 22:51:11] [SUCCESS] ✅ Hunter Raid Completed Successfully!
[2026-05-25 22:51:11] [METRICS] 📊 Loot Report: 50 New Keywords Stolen | 0 Keywords Updated from Smmfollows.com.
[2026-05-25 22:51:11] [STOP] Hunter Engine Shutdown.
Cron Job Execution Finished. Check /logs/cron_seo_hunter.log for detailed output.
--------------------
[2026-05-30 00:25:37] STARTING: SEO Competitor Hunter...
RESULT:
[2026-05-30 00:25:37] [START] Cron Engine Initialized. Starting SEO Hunter (Competitor Spy)...
[2026-05-30 00:25:37] [ANALYSIS] Analyzing Radar for the biggest competitor threat...
[2026-05-30 00:25:37] [SUCCESS] Target Locked: Smmfollows.com
[2026-05-30 00:25:37] [INFO] Initiating API infiltration on Smmfollows.com...
[2026-05-30 00:25:38] [INFO] Transaction Started. Extracting golden keywords...
[2026-05-30 00:25:38] [SUCCESS] Data secured in vault.
[2026-05-30 00:25:38] [SUCCESS] ✅ Hunter Raid Completed Successfully!
[2026-05-30 00:25:38] [METRICS] 📊 Loot Report: 50 New Keywords Stolen | 0 Keywords Updated from Smmfollows.com.
[2026-05-30 00:25:38] [STOP] Hunter Engine Shutdown.
Cron Job Execution Finished. Check /logs/cron_seo_hunter.log for detailed output.
--------------------
