[2026-01-12 22:34:27] MANUAL RUN:
<h2>🕵️ AI SEO Meta Tagger Running...</h2>Script Error: SQLSTATE[42S02]: Base table or view not found: 1146 Table 'u877731466_Israriiii123.site_seo' doesn't exist
--------------------
[2026-01-12 22:37:30] MANUAL RUN:
<h2>🕵️ AI SEO Meta Tagger Running...</h2><div style='color: black; font-family: monospace; margin-bottom: 5px;'>[22:37:30] Target Page Found: <strong>index.php</strong></div><div style='color: black; font-family: monospace; margin-bottom: 5px;'>[22:37:30] ⏳ Contacting AI Brain...</div><div style='color: green; font-family: monospace; margin-bottom: 5px;'>[22:37:30] ✅ SEO Updated Successfully!</div><hr><strong>New Title:</strong> LikexFollow - Best SMM Panel <br><strong>New Desc:</strong> Get cheap, real & instant SMM services. Trusted API support. Boost likes, followers & views now! <br><strong>Keywords:</strong> SMM Panel, Cheap SMM, Real Followers, Instant Likes, Social Media Marketing, Best SMM Panel in Pakistan, Trusted SMM, API Support, Social Media Services, SMM Reseller <br>
--------------------
[2026-01-12 22:37:50] MANUAL RUN:
<h2>🕵️ AI SEO Meta Tagger Running...</h2><div style='color: black; font-family: monospace; margin-bottom: 5px;'>[22:37:49] Target Page Found: <strong>login.php</strong></div><div style='color: black; font-family: monospace; margin-bottom: 5px;'>[22:37:49] ⏳ Contacting AI Brain...</div><div style='color: green; font-family: monospace; margin-bottom: 5px;'>[22:37:50] ✅ SEO Updated Successfully!</div><hr><strong>New Title:</strong> LikexFollow Login <br><strong>New Desc:</strong> Get cheap, real & instant social media services. Secure login to LikexFollow, #1 SMM panel. <br><strong>Keywords:</strong> SMM panel, cheap likes, real followers, instant views, social media marketing, LikexFollow, secure login, cheap services, real growth, instant delivery <br>
--------------------
[2026-01-12 23:04:53] STARTING: Auto Meta Tagger...
RESULT:
<h2>🕵️ AI SEO Meta Tagger Running...</h2><div style='color: black; font-family: monospace; margin-bottom: 5px;'>[23:04:53] Target Page Found: <strong>register.php</strong></div><div style='color: black; font-family: monospace; margin-bottom: 5px;'>[23:04:53] ⏳ Contacting AI Brain...</div><div style='color: green; font-family: monospace; margin-bottom: 5px;'>[23:04:54] ✅ SEO Updated Successfully!</div><hr><strong>New Title:</strong> LikexFollow - Free Sign Up <br><strong>New Desc:</strong> Get cheap, real, and instant social media services with LikexFollow. No credit card needed. Free sign up now! <br><strong>Keywords:</strong> SMM Panel, Cheap Followers, Real Likes, Instant Views, Social Media Marketing, Free Sign Up, No Credit Card, Cheap SMM, Real Social Media, Instant Growth <br>
--------------------
[2026-01-13 00:33:21] STARTING: Auto Meta Tagger...
RESULT:
<h2>🕵️ AI SEO Meta Tagger Running...</h2><div style='color: black; font-family: monospace; margin-bottom: 5px;'>[00:33:21] Target Page Found: <strong>services.php</strong></div><div style='color: black; font-family: monospace; margin-bottom: 5px;'>[00:33:21] ⏳ Contacting AI Brain...</div><div style='color: green; font-family: monospace; margin-bottom: 5px;'>[00:33:21] ✅ SEO Updated Successfully!</div><hr><strong>New Title:</strong> LikexFollow: Cheap SMM Services <br><strong>New Desc:</strong> Get cheap & real followers, likes, views on TikTok, IG, YouTube with instant delivery. No password required! <br><strong>Keywords:</strong> cheap smm, social media marketing, instant followers, real likes, tiktok services, instagram services, youtube services, smm panel, cheap rates, instant delivery <br>
--------------------
[2026-01-13 00:41:06] STARTING: Auto Meta Tagger...
RESULT:
<h2>🕵️ AI SEO Meta Tagger Running...</h2><div style='color: black; font-family: monospace; margin-bottom: 5px;'>[00:41:06] Target Page Found: <strong>terms.php</strong></div><div style='color: black; font-family: monospace; margin-bottom: 5px;'>[00:41:06] ⏳ Contacting AI Brain...</div><div style='color: green; font-family: monospace; margin-bottom: 5px;'>[00:41:06] ✅ SEO Updated Successfully!</div><hr><strong>New Title:</strong> LikexFollow Terms <br><strong>New Desc:</strong> Get cheap, real, and instant social media services at LikexFollow. Learn our terms of service now! <br><strong>Keywords:</strong> SMM panel, cheap likes, real followers, instant views, social media marketing, LikexFollow, cheap subscribers, real comments, instant growth, social media services <br>
--------------------
[2026-01-13 00:41:16] STARTING: Auto Meta Tagger...
[2026-01-13 00:41:20] STARTING: Auto Meta Tagger...
[2026-01-13 00:46:16] STARTING: Auto Meta Tagger...
[2026-01-13 15:34:48] STARTING: Auto Meta Tagger...
--- CRON START: 2026-01-13 15:34:48 ---
🕵️ AI SEO Meta Tagger Running...
[15:34:48] ✅ All pages are fully optimized! No missing tags found.

RESULT:
--- CRON START: 2026-01-13 15:34:48 ---
🕵️ AI SEO Meta Tagger Running...
[15:34:48] ✅ All pages are fully optimized! No missing tags found.
--------------------
[2026-01-17 14:09:39] STARTING: Auto Meta Tagger...
--- CRON START: 2026-01-17 14:09:39 ---
🕵️ AI SEO Meta Tagger Running...
[14:09:39] ✅ All pages are fully optimized! No missing tags found.

RESULT:
--- CRON START: 2026-01-17 14:09:39 ---
🕵️ AI SEO Meta Tagger Running...
[14:09:39] ✅ All pages are fully optimized! No missing tags found.
--------------------
--- CRON START: 2026-02-01 06:00:04 ---
🕵️ AI SEO Meta Tagger Running...
[06:00:04] ✅ All pages are fully optimized! No missing tags found.

--- CRON START: 2026-02-01 06:05:03 ---
🕵️ AI SEO Meta Tagger Running...
[06:05:03] ✅ All pages are fully optimized! No missing tags found.

--- CRON START: 2026-02-01 06:10:03 ---
🕵️ AI SEO Meta Tagger Running...
[06:10:03] ✅ All pages are fully optimized! No missing tags found.

--- CRON START: 2026-02-01 06:15:03 ---
🕵️ AI SEO Meta Tagger Running...
[06:15:03] ✅ All pages are fully optimized! No missing tags found.

--- CRON START: 2026-02-01 06:20:03 ---
🕵️ AI SEO Meta Tagger Running...
[06:20:03] ✅ All pages are fully optimized! No missing tags found.

--- CRON START: 2026-02-01 06:25:03 ---
🕵️ AI SEO Meta Tagger Running...
[06:25:03] ✅ All pages are fully optimized! No missing tags found.

--- CRON START: 2026-02-01 06:30:03 ---
🕵️ AI SEO Meta Tagger Running...
[06:30:03] ✅ All pages are fully optimized! No missing tags found.

--- CRON START: 2026-02-01 06:35:03 ---
🕵️ AI SEO Meta Tagger Running...
[06:35:03] ✅ All pages are fully optimized! No missing tags found.

--- CRON START: 2026-02-01 06:40:03 ---
🕵️ AI SEO Meta Tagger Running...
[06:40:03] ✅ All pages are fully optimized! No missing tags found.

--- CRON START: 2026-02-01 06:45:03 ---
🕵️ AI SEO Meta Tagger Running...
[06:45:03] ✅ All pages are fully optimized! No missing tags found.

--- CRON START: 2026-02-01 06:50:03 ---
🕵️ AI SEO Meta Tagger Running...
[06:50:03] ✅ All pages are fully optimized! No missing tags found.

--- CRON START: 2026-02-01 06:55:02 ---
🕵️ AI SEO Meta Tagger Running...
[06:55:02] ✅ All pages are fully optimized! No missing tags found.

--- CRON START: 2026-03-01 06:00:04 ---
🕵️ AI SEO Meta Tagger Running...
[06:00:04] ✅ All pages are fully optimized! No missing tags found.

--- CRON START: 2026-03-01 06:05:02 ---
🕵️ AI SEO Meta Tagger Running...
[06:05:02] ✅ All pages are fully optimized! No missing tags found.

--- CRON START: 2026-03-01 06:10:03 ---
🕵️ AI SEO Meta Tagger Running...
[06:10:03] ✅ All pages are fully optimized! No missing tags found.

--- CRON START: 2026-03-01 06:15:02 ---
🕵️ AI SEO Meta Tagger Running...
[06:15:02] ✅ All pages are fully optimized! No missing tags found.

--- CRON START: 2026-03-01 06:20:03 ---
🕵️ AI SEO Meta Tagger Running...
[06:20:03] ✅ All pages are fully optimized! No missing tags found.

--- CRON START: 2026-03-01 06:25:03 ---
🕵️ AI SEO Meta Tagger Running...
[06:25:03] ✅ All pages are fully optimized! No missing tags found.

--- CRON START: 2026-03-01 06:30:04 ---
🕵️ AI SEO Meta Tagger Running...
[06:30:04] ✅ All pages are fully optimized! No missing tags found.

--- CRON START: 2026-03-01 06:35:05 ---
🕵️ AI SEO Meta Tagger Running...
[06:35:05] ✅ All pages are fully optimized! No missing tags found.

--- CRON START: 2026-03-01 06:40:03 ---
🕵️ AI SEO Meta Tagger Running...
[06:40:03] ✅ All pages are fully optimized! No missing tags found.

--- CRON START: 2026-03-01 06:45:04 ---
🕵️ AI SEO Meta Tagger Running...
[06:45:04] ✅ All pages are fully optimized! No missing tags found.

--- CRON START: 2026-03-01 06:50:03 ---
🕵️ AI SEO Meta Tagger Running...
[06:50:03] ✅ All pages are fully optimized! No missing tags found.

--- CRON START: 2026-03-01 06:55:03 ---
🕵️ AI SEO Meta Tagger Running...
[06:55:03] ✅ All pages are fully optimized! No missing tags found.

--- CRON START: 2026-04-01 06:00:05 ---
🕵️ AI SEO Meta Tagger Running...
[06:00:05] ✅ All pages are fully optimized! No missing tags found.

--- CRON START: 2026-04-01 06:05:03 ---
🕵️ AI SEO Meta Tagger Running...
[06:05:03] ✅ All pages are fully optimized! No missing tags found.

--- CRON START: 2026-04-01 06:10:04 ---
🕵️ AI SEO Meta Tagger Running...
[06:10:04] ✅ All pages are fully optimized! No missing tags found.

--- CRON START: 2026-04-01 06:15:03 ---
🕵️ AI SEO Meta Tagger Running...
[06:15:03] ✅ All pages are fully optimized! No missing tags found.

--- CRON START: 2026-04-01 06:20:04 ---
🕵️ AI SEO Meta Tagger Running...
[06:20:04] ✅ All pages are fully optimized! No missing tags found.

--- CRON START: 2026-04-01 06:25:03 ---
🕵️ AI SEO Meta Tagger Running...
[06:25:03] ✅ All pages are fully optimized! No missing tags found.

--- CRON START: 2026-04-01 06:30:04 ---
🕵️ AI SEO Meta Tagger Running...
[06:30:04] ✅ All pages are fully optimized! No missing tags found.

--- CRON START: 2026-04-01 06:35:04 ---
🕵️ AI SEO Meta Tagger Running...
[06:35:04] ✅ All pages are fully optimized! No missing tags found.

--- CRON START: 2026-04-01 06:40:04 ---
🕵️ AI SEO Meta Tagger Running...
[06:40:04] ✅ All pages are fully optimized! No missing tags found.

--- CRON START: 2026-04-01 06:45:03 ---
🕵️ AI SEO Meta Tagger Running...
[06:45:03] ✅ All pages are fully optimized! No missing tags found.

--- CRON START: 2026-04-01 06:50:06 ---
🕵️ AI SEO Meta Tagger Running...
[06:50:06] ✅ All pages are fully optimized! No missing tags found.

--- CRON START: 2026-04-01 06:55:04 ---
🕵️ AI SEO Meta Tagger Running...
[06:55:04] ✅ All pages are fully optimized! No missing tags found.

