[03-Dec-2025 21:18:03 Asia/Karachi] PHP Notice:  PHP Request Shutdown: TLS/SSL failure for smtp.hostinger.com: SSL negotiation failed (errflg=2) in Unknown on line 0
[03-Dec-2025 21:19:02 Asia/Karachi] PHP Notice:  PHP Request Shutdown: TLS/SSL failure for smtp.hostinger.com: SSL negotiation failed (errflg=2) in Unknown on line 0
[03-Dec-2025 21:20:02 Asia/Karachi] PHP Notice:  PHP Request Shutdown: TLS/SSL failure for smtp.hostinger.com: SSL negotiation failed (errflg=2) in Unknown on line 0
[03-Dec-2025 21:21:02 Asia/Karachi] PHP Notice:  PHP Request Shutdown: TLS/SSL failure for smtp.hostinger.com: SSL negotiation failed (errflg=2) in Unknown on line 0
[03-Dec-2025 21:22:02 Asia/Karachi] PHP Notice:  PHP Request Shutdown: TLS/SSL failure for smtp.hostinger.com: SSL negotiation failed (errflg=2) in Unknown on line 0
[03-Dec-2025 21:23:03 Asia/Karachi] PHP Notice:  PHP Request Shutdown: TLS/SSL failure for smtp.hostinger.com: SSL negotiation failed (errflg=2) in Unknown on line 0
[03-Dec-2025 21:24:02 Asia/Karachi] PHP Notice:  PHP Request Shutdown: TLS/SSL failure for smtp.hostinger.com: SSL negotiation failed (errflg=2) in Unknown on line 0
[03-Dec-2025 21:25:02 Asia/Karachi] PHP Notice:  PHP Request Shutdown: TLS/SSL failure for smtp.hostinger.com: SSL negotiation failed (errflg=2) in Unknown on line 0
[03-Dec-2025 21:26:02 Asia/Karachi] PHP Notice:  PHP Request Shutdown: TLS/SSL failure for smtp.hostinger.com: SSL negotiation failed (errflg=2) in Unknown on line 0
[03-Dec-2025 21:27:02 Asia/Karachi] PHP Notice:  PHP Request Shutdown: TLS/SSL failure for smtp.hostinger.com: SSL negotiation failed (errflg=2) in Unknown on line 0
[03-Dec-2025 21:28:02 Asia/Karachi] PHP Notice:  PHP Request Shutdown: TLS/SSL failure for smtp.hostinger.com: SSL negotiation failed (errflg=2) in Unknown on line 0
[03-Dec-2025 21:29:02 Asia/Karachi] PHP Notice:  PHP Request Shutdown: TLS/SSL failure for smtp.hostinger.com: SSL negotiation failed (errflg=2) in Unknown on line 0
[03-Dec-2025 21:30:03 Asia/Karachi] PHP Notice:  PHP Request Shutdown: TLS/SSL failure for smtp.hostinger.com: SSL negotiation failed (errflg=2) in Unknown on line 0
[03-Dec-2025 21:31:03 Asia/Karachi] PHP Notice:  PHP Request Shutdown: TLS/SSL failure for smtp.hostinger.com: SSL negotiation failed (errflg=2) in Unknown on line 0
[03-Dec-2025 21:32:02 Asia/Karachi] PHP Notice:  PHP Request Shutdown: TLS/SSL failure for smtp.hostinger.com: SSL negotiation failed (errflg=2) in Unknown on line 0
[03-Dec-2025 21:33:03 Asia/Karachi] PHP Notice:  PHP Request Shutdown: TLS/SSL failure for smtp.hostinger.com: SSL negotiation failed (errflg=2) in Unknown on line 0
[03-Dec-2025 21:34:02 Asia/Karachi] PHP Notice:  PHP Request Shutdown: TLS/SSL failure for smtp.hostinger.com: SSL negotiation failed (errflg=2) in Unknown on line 0
[03-Dec-2025 21:35:02 Asia/Karachi] PHP Notice:  PHP Request Shutdown: Can't connect to smtp.hostinger.com,993: Connection reset by peer (errflg=1) in Unknown on line 0
[03-Dec-2025 21:35:02 Asia/Karachi] PHP Notice:  PHP Request Shutdown: TLS/SSL failure for smtp.hostinger.com: SSL negotiation failed (errflg=2) in Unknown on line 0
[03-Dec-2025 21:36:03 Asia/Karachi] PHP Notice:  PHP Request Shutdown: TLS/SSL failure for smtp.hostinger.com: SSL negotiation failed (errflg=2) in Unknown on line 0
[03-Dec-2025 21:37:02 Asia/Karachi] PHP Notice:  PHP Request Shutdown: TLS/SSL failure for smtp.hostinger.com: SSL negotiation failed (errflg=2) in Unknown on line 0
[03-Dec-2025 21:38:03 Asia/Karachi] PHP Notice:  PHP Request Shutdown: TLS/SSL failure for smtp.hostinger.com: SSL negotiation failed (errflg=2) in Unknown on line 0
[03-Dec-2025 21:39:02 Asia/Karachi] PHP Notice:  PHP Request Shutdown: TLS/SSL failure for smtp.hostinger.com: SSL negotiation failed (errflg=2) in Unknown on line 0
[03-Dec-2025 21:40:03 Asia/Karachi] PHP Notice:  PHP Request Shutdown: TLS/SSL failure for smtp.hostinger.com: SSL negotiation failed (errflg=2) in Unknown on line 0
[03-Dec-2025 21:41:03 Asia/Karachi] PHP Notice:  PHP Request Shutdown: TLS/SSL failure for smtp.hostinger.com: SSL negotiation failed (errflg=2) in Unknown on line 0
[03-Dec-2025 21:42:03 Asia/Karachi] PHP Notice:  PHP Request Shutdown: TLS/SSL failure for smtp.hostinger.com: SSL negotiation failed (errflg=2) in Unknown on line 0
[03-Dec-2025 21:43:02 Asia/Karachi] PHP Notice:  PHP Request Shutdown: TLS/SSL failure for smtp.hostinger.com: SSL negotiation failed (errflg=2) in Unknown on line 0
[03-Dec-2025 21:44:03 Asia/Karachi] PHP Notice:  PHP Request Shutdown: TLS/SSL failure for smtp.hostinger.com: SSL negotiation failed (errflg=2) in Unknown on line 0
[03-Dec-2025 21:45:02 Asia/Karachi] PHP Notice:  PHP Request Shutdown: TLS/SSL failure for smtp.hostinger.com: SSL negotiation failed (errflg=2) in Unknown on line 0
[03-Dec-2025 21:46:02 Asia/Karachi] PHP Notice:  PHP Request Shutdown: TLS/SSL failure for smtp.hostinger.com: SSL negotiation failed (errflg=2) in Unknown on line 0
[03-Dec-2025 21:47:03 Asia/Karachi] PHP Notice:  PHP Request Shutdown: TLS/SSL failure for smtp.hostinger.com: SSL negotiation failed (errflg=2) in Unknown on line 0
[03-Dec-2025 21:48:02 Asia/Karachi] PHP Notice:  PHP Request Shutdown: TLS/SSL failure for smtp.hostinger.com: SSL negotiation failed (errflg=2) in Unknown on line 0
[03-Dec-2025 21:49:02 Asia/Karachi] PHP Notice:  PHP Request Shutdown: Can't connect to smtp.hostinger.com,993: Connection reset by peer (errflg=1) in Unknown on line 0
[03-Dec-2025 21:49:02 Asia/Karachi] PHP Notice:  PHP Request Shutdown: TLS/SSL failure for smtp.hostinger.com: SSL negotiation failed (errflg=2) in Unknown on line 0
[03-Dec-2025 21:50:02 Asia/Karachi] PHP Notice:  PHP Request Shutdown: TLS/SSL failure for smtp.hostinger.com: SSL negotiation failed (errflg=2) in Unknown on line 0
[03-Dec-2025 21:51:02 Asia/Karachi] PHP Notice:  PHP Request Shutdown: TLS/SSL failure for smtp.hostinger.com: SSL negotiation failed (errflg=2) in Unknown on line 0
[03-Dec-2025 21:52:02 Asia/Karachi] PHP Notice:  PHP Request Shutdown: TLS/SSL failure for smtp.hostinger.com: SSL negotiation failed (errflg=2) in Unknown on line 0
[03-Dec-2025 21:53:02 Asia/Karachi] PHP Notice:  PHP Request Shutdown: TLS/SSL failure for smtp.hostinger.com: SSL negotiation failed (errflg=2) in Unknown on line 0
[03-Dec-2025 21:54:02 Asia/Karachi] PHP Notice:  PHP Request Shutdown: TLS/SSL failure for smtp.hostinger.com: SSL negotiation failed (errflg=2) in Unknown on line 0
[03-Dec-2025 21:55:03 Asia/Karachi] PHP Notice:  PHP Request Shutdown: TLS/SSL failure for smtp.hostinger.com: SSL negotiation failed (errflg=2) in Unknown on line 0
[03-Dec-2025 21:56:02 Asia/Karachi] PHP Notice:  PHP Request Shutdown: TLS/SSL failure for smtp.hostinger.com: SSL negotiation failed (errflg=2) in Unknown on line 0
[03-Dec-2025 21:57:02 Asia/Karachi] PHP Notice:  PHP Request Shutdown: TLS/SSL failure for smtp.hostinger.com: SSL negotiation failed (errflg=2) in Unknown on line 0
[03-Dec-2025 21:58:02 Asia/Karachi] PHP Notice:  PHP Request Shutdown: TLS/SSL failure for smtp.hostinger.com: SSL negotiation failed (errflg=2) in Unknown on line 0
[03-Dec-2025 21:59:02 Asia/Karachi] PHP Notice:  PHP Request Shutdown: TLS/SSL failure for smtp.hostinger.com: SSL negotiation failed (errflg=2) in Unknown on line 0
[03-Dec-2025 22:00:03 Asia/Karachi] PHP Notice:  PHP Request Shutdown: TLS/SSL failure for smtp.hostinger.com: SSL negotiation failed (errflg=2) in Unknown on line 0
[03-Dec-2025 22:01:02 Asia/Karachi] PHP Notice:  PHP Request Shutdown: TLS/SSL failure for smtp.hostinger.com: SSL negotiation failed (errflg=2) in Unknown on line 0
[03-Dec-2025 22:02:02 Asia/Karachi] PHP Notice:  PHP Request Shutdown: TLS/SSL failure for smtp.hostinger.com: SSL negotiation failed (errflg=2) in Unknown on line 0
[03-Dec-2025 22:03:02 Asia/Karachi] PHP Notice:  PHP Request Shutdown: TLS/SSL failure for smtp.hostinger.com: SSL negotiation failed (errflg=2) in Unknown on line 0
[03-Dec-2025 22:04:02 Asia/Karachi] PHP Notice:  PHP Request Shutdown: Can't connect to smtp.hostinger.com,993: Connection reset by peer (errflg=1) in Unknown on line 0
[03-Dec-2025 22:04:02 Asia/Karachi] PHP Notice:  PHP Request Shutdown: TLS/SSL failure for smtp.hostinger.com: SSL negotiation failed (errflg=2) in Unknown on line 0
[03-Dec-2025 22:05:03 Asia/Karachi] PHP Notice:  PHP Request Shutdown: TLS/SSL failure for smtp.hostinger.com: SSL negotiation failed (errflg=2) in Unknown on line 0
[03-Dec-2025 22:06:02 Asia/Karachi] PHP Notice:  PHP Request Shutdown: TLS/SSL failure for smtp.hostinger.com: SSL negotiation failed (errflg=2) in Unknown on line 0
[03-Dec-2025 22:07:02 Asia/Karachi] PHP Notice:  PHP Request Shutdown: TLS/SSL failure for smtp.hostinger.com: SSL negotiation failed (errflg=2) in Unknown on line 0
[03-Dec-2025 22:08:02 Asia/Karachi] PHP Notice:  PHP Request Shutdown: TLS/SSL failure for smtp.hostinger.com: SSL negotiation failed (errflg=2) in Unknown on line 0
[03-Dec-2025 22:09:02 Asia/Karachi] PHP Notice:  PHP Request Shutdown: TLS/SSL failure for smtp.hostinger.com: SSL negotiation failed (errflg=2) in Unknown on line 0
[03-Dec-2025 22:10:03 Asia/Karachi] PHP Notice:  PHP Request Shutdown: TLS/SSL failure for smtp.hostinger.com: SSL negotiation failed (errflg=2) in Unknown on line 0
[03-Dec-2025 22:11:02 Asia/Karachi] PHP Notice:  PHP Request Shutdown: TLS/SSL failure for smtp.hostinger.com: SSL negotiation failed (errflg=2) in Unknown on line 0
[03-Dec-2025 22:12:02 Asia/Karachi] PHP Notice:  PHP Request Shutdown: TLS/SSL failure for smtp.hostinger.com: SSL negotiation failed (errflg=2) in Unknown on line 0
[03-Dec-2025 22:13:02 Asia/Karachi] PHP Notice:  PHP Request Shutdown: TLS/SSL failure for smtp.hostinger.com: SSL negotiation failed (errflg=2) in Unknown on line 0
[03-Dec-2025 22:14:02 Asia/Karachi] PHP Notice:  PHP Request Shutdown: TLS/SSL failure for smtp.hostinger.com: SSL negotiation failed (errflg=2) in Unknown on line 0
[03-Dec-2025 22:15:03 Asia/Karachi] PHP Notice:  PHP Request Shutdown: TLS/SSL failure for smtp.hostinger.com: SSL negotiation failed (errflg=2) in Unknown on line 0
[03-Dec-2025 22:16:02 Asia/Karachi] PHP Notice:  PHP Request Shutdown: TLS/SSL failure for smtp.hostinger.com: SSL negotiation failed (errflg=2) in Unknown on line 0
[03-Dec-2025 22:17:04 Asia/Karachi] PHP Notice:  PHP Request Shutdown: TLS/SSL failure for smtp.hostinger.com: SSL negotiation failed (errflg=2) in Unknown on line 0
[03-Dec-2025 22:18:02 Asia/Karachi] PHP Notice:  PHP Request Shutdown: TLS/SSL failure for smtp.hostinger.com: SSL negotiation failed (errflg=2) in Unknown on line 0
[03-Dec-2025 22:19:01 Asia/Karachi] PHP Notice:  PHP Request Shutdown: TLS/SSL failure for smtp.hostinger.com: SSL negotiation failed (errflg=2) in Unknown on line 0
[03-Dec-2025 22:20:02 Asia/Karachi] PHP Notice:  PHP Request Shutdown: TLS/SSL failure for smtp.hostinger.com: SSL negotiation failed (errflg=2) in Unknown on line 0
[03-Dec-2025 22:21:02 Asia/Karachi] PHP Notice:  PHP Request Shutdown: TLS/SSL failure for smtp.hostinger.com: SSL negotiation failed (errflg=2) in Unknown on line 0
[03-Dec-2025 22:22:02 Asia/Karachi] PHP Notice:  PHP Request Shutdown: TLS/SSL failure for smtp.hostinger.com: SSL negotiation failed (errflg=2) in Unknown on line 0
[03-Dec-2025 22:23:02 Asia/Karachi] PHP Notice:  PHP Request Shutdown: TLS/SSL failure for smtp.hostinger.com: SSL negotiation failed (errflg=2) in Unknown on line 0
[03-Dec-2025 22:24:04 Asia/Karachi] PHP Notice:  PHP Request Shutdown: TLS/SSL failure for smtp.hostinger.com: SSL negotiation failed (errflg=2) in Unknown on line 0
[03-Dec-2025 22:25:02 Asia/Karachi] PHP Notice:  PHP Request Shutdown: TLS/SSL failure for smtp.hostinger.com: SSL negotiation failed (errflg=2) in Unknown on line 0
[03-Dec-2025 22:26:02 Asia/Karachi] PHP Notice:  PHP Request Shutdown: TLS/SSL failure for smtp.hostinger.com: SSL negotiation failed (errflg=2) in Unknown on line 0
[03-Dec-2025 22:27:02 Asia/Karachi] PHP Notice:  PHP Request Shutdown: TLS/SSL failure for smtp.hostinger.com: SSL negotiation failed (errflg=2) in Unknown on line 0
[03-Dec-2025 22:28:02 Asia/Karachi] PHP Notice:  PHP Request Shutdown: TLS/SSL failure for smtp.hostinger.com: SSL negotiation failed (errflg=2) in Unknown on line 0
[03-Dec-2025 22:29:02 Asia/Karachi] PHP Notice:  PHP Request Shutdown: TLS/SSL failure for smtp.hostinger.com: SSL negotiation failed (errflg=2) in Unknown on line 0
[03-Dec-2025 22:30:03 Asia/Karachi] PHP Notice:  PHP Request Shutdown: TLS/SSL failure for smtp.hostinger.com: SSL negotiation failed (errflg=2) in Unknown on line 0
[03-Dec-2025 22:31:02 Asia/Karachi] PHP Notice:  PHP Request Shutdown: TLS/SSL failure for smtp.hostinger.com: SSL negotiation failed (errflg=2) in Unknown on line 0
[03-Dec-2025 22:32:02 Asia/Karachi] PHP Notice:  PHP Request Shutdown: TLS/SSL failure for smtp.hostinger.com: SSL negotiation failed (errflg=2) in Unknown on line 0
[03-Dec-2025 22:33:02 Asia/Karachi] PHP Notice:  PHP Request Shutdown: TLS/SSL failure for smtp.hostinger.com: SSL negotiation failed (errflg=2) in Unknown on line 0
[03-Dec-2025 22:34:03 Asia/Karachi] PHP Notice:  PHP Request Shutdown: TLS/SSL failure for smtp.hostinger.com: SSL negotiation failed (errflg=2) in Unknown on line 0
[03-Dec-2025 22:35:02 Asia/Karachi] PHP Notice:  PHP Request Shutdown: TLS/SSL failure for smtp.hostinger.com: SSL negotiation failed (errflg=2) in Unknown on line 0
[03-Dec-2025 22:36:03 Asia/Karachi] PHP Notice:  PHP Request Shutdown: TLS/SSL failure for smtp.hostinger.com: SSL negotiation failed (errflg=2) in Unknown on line 0
[03-Dec-2025 22:37:02 Asia/Karachi] PHP Notice:  PHP Request Shutdown: Can't connect to smtp.hostinger.com,993: Connection reset by peer (errflg=1) in Unknown on line 0
[03-Dec-2025 22:37:02 Asia/Karachi] PHP Notice:  PHP Request Shutdown: TLS/SSL failure for smtp.hostinger.com: SSL negotiation failed (errflg=2) in Unknown on line 0
[03-Dec-2025 22:38:02 Asia/Karachi] PHP Notice:  PHP Request Shutdown: TLS/SSL failure for smtp.hostinger.com: SSL negotiation failed (errflg=2) in Unknown on line 0
[03-Dec-2025 22:39:02 Asia/Karachi] PHP Notice:  PHP Request Shutdown: TLS/SSL failure for smtp.hostinger.com: SSL negotiation failed (errflg=2) in Unknown on line 0
[03-Dec-2025 22:40:03 Asia/Karachi] PHP Notice:  PHP Request Shutdown: Can't connect to smtp.hostinger.com,993: Connection reset by peer (errflg=1) in Unknown on line 0
[03-Dec-2025 22:40:03 Asia/Karachi] PHP Notice:  PHP Request Shutdown: TLS/SSL failure for smtp.hostinger.com: SSL negotiation failed (errflg=2) in Unknown on line 0
[03-Dec-2025 22:41:01 Asia/Karachi] PHP Notice:  PHP Request Shutdown: TLS/SSL failure for smtp.hostinger.com: SSL negotiation failed (errflg=2) in Unknown on line 0
[03-Dec-2025 22:42:02 Asia/Karachi] PHP Notice:  PHP Request Shutdown: TLS/SSL failure for smtp.hostinger.com: SSL negotiation failed (errflg=2) in Unknown on line 0
[03-Dec-2025 22:43:02 Asia/Karachi] PHP Notice:  PHP Request Shutdown: TLS/SSL failure for smtp.hostinger.com: SSL negotiation failed (errflg=2) in Unknown on line 0
[03-Dec-2025 22:44:02 Asia/Karachi] PHP Notice:  PHP Request Shutdown: TLS/SSL failure for smtp.hostinger.com: SSL negotiation failed (errflg=2) in Unknown on line 0
[03-Dec-2025 22:45:03 Asia/Karachi] PHP Notice:  PHP Request Shutdown: TLS/SSL failure for smtp.hostinger.com: SSL negotiation failed (errflg=2) in Unknown on line 0
[03-Dec-2025 22:46:03 Asia/Karachi] PHP Notice:  PHP Request Shutdown: TLS/SSL failure for smtp.hostinger.com: SSL negotiation failed (errflg=2) in Unknown on line 0
[03-Dec-2025 22:47:02 Asia/Karachi] PHP Notice:  PHP Request Shutdown: TLS/SSL failure for smtp.hostinger.com: SSL negotiation failed (errflg=2) in Unknown on line 0
[03-Dec-2025 22:48:02 Asia/Karachi] PHP Notice:  PHP Request Shutdown: TLS/SSL failure for smtp.hostinger.com: SSL negotiation failed (errflg=2) in Unknown on line 0
[03-Dec-2025 22:49:02 Asia/Karachi] PHP Notice:  PHP Request Shutdown: TLS/SSL failure for smtp.hostinger.com: SSL negotiation failed (errflg=2) in Unknown on line 0
[03-Dec-2025 22:50:02 Asia/Karachi] PHP Notice:  PHP Request Shutdown: Can't connect to smtp.hostinger.com,993: Connection reset by peer (errflg=1) in Unknown on line 0
[03-Dec-2025 22:50:02 Asia/Karachi] PHP Notice:  PHP Request Shutdown: TLS/SSL failure for smtp.hostinger.com: SSL negotiation failed (errflg=2) in Unknown on line 0
[22-Dec-2025 10:51:18 Asia/Karachi] PHP Notice:  PHP Request Shutdown: Retrying PLAIN authentication after [UNAVAILABLE] Account is temporarily unavailable. (errflg=1) in Unknown on line 0
[22-Dec-2025 12:55:26 Asia/Karachi] PHP Notice:  PHP Request Shutdown: Retrying PLAIN authentication after [UNAVAILABLE] Account is temporarily unavailable. (errflg=1) in Unknown on line 0
[23-Dec-2025 03:59:08 Asia/Karachi] PHP Notice:  PHP Request Shutdown: [CLOSED] IMAP connection broken (server response) (errflg=2) in Unknown on line 0
[16-Jan-2026 17:13:41 Asia/Karachi] PHP Notice:  PHP Request Shutdown: Retrying PLAIN authentication after [UNAVAILABLE] Temporary authentication failure. [de-fra-mailstorage131:2026-01-1 (errflg=1) in Unknown on line 0
[16-Jan-2026 17:13:41 Asia/Karachi] PHP Notice:  PHP Request Shutdown: Retrying PLAIN authentication after [UNAVAILABLE] Temporary authentication failure. [de-fra-mailstorage131:2026-01-1 (errflg=1) in Unknown on line 0
[16-Jan-2026 17:13:41 Asia/Karachi] PHP Notice:  PHP Request Shutdown: Can not authenticate to IMAP server: [UNAVAILABLE] Temporary authentication failure. [de-fra-mailstorage131:2026-01-1 (errflg=2) in Unknown on line 0
[16-Jan-2026 17:14:36 Asia/Karachi] PHP Notice:  PHP Request Shutdown: Retrying PLAIN authentication after [UNAVAILABLE] Temporary authentication failure. [de-fra-mailstorage131:2026-01-1 (errflg=1) in Unknown on line 0
[16-Jan-2026 17:14:36 Asia/Karachi] PHP Notice:  PHP Request Shutdown: Retrying PLAIN authentication after [UNAVAILABLE] Temporary authentication failure. [de-fra-mailstorage131:2026-01-1 (errflg=1) in Unknown on line 0
[16-Jan-2026 17:14:36 Asia/Karachi] PHP Notice:  PHP Request Shutdown: Can not authenticate to IMAP server: [UNAVAILABLE] Temporary authentication failure. [de-fra-mailstorage131:2026-01-1 (errflg=2) in Unknown on line 0
[16-Jan-2026 17:15:36 Asia/Karachi] PHP Notice:  PHP Request Shutdown: Retrying PLAIN authentication after [UNAVAILABLE] Temporary authentication failure. [de-fra-mailstorage131:2026-01-1 (errflg=1) in Unknown on line 0
[16-Jan-2026 17:15:36 Asia/Karachi] PHP Notice:  PHP Request Shutdown: Retrying PLAIN authentication after [UNAVAILABLE] Temporary authentication failure. [de-fra-mailstorage131:2026-01-1 (errflg=1) in Unknown on line 0
[16-Jan-2026 17:15:36 Asia/Karachi] PHP Notice:  PHP Request Shutdown: Can not authenticate to IMAP server: [UNAVAILABLE] Temporary authentication failure. [de-fra-mailstorage131:2026-01-1 (errflg=2) in Unknown on line 0
[16-Jan-2026 17:16:35 Asia/Karachi] PHP Notice:  PHP Request Shutdown: Retrying PLAIN authentication after [UNAVAILABLE] Temporary authentication failure. [de-fra-mailstorage131:2026-01-1 (errflg=1) in Unknown on line 0
[16-Jan-2026 17:16:35 Asia/Karachi] PHP Notice:  PHP Request Shutdown: Retrying PLAIN authentication after [UNAVAILABLE] Temporary authentication failure. [de-fra-mailstorage131:2026-01-1 (errflg=1) in Unknown on line 0
[16-Jan-2026 17:16:35 Asia/Karachi] PHP Notice:  PHP Request Shutdown: Can not authenticate to IMAP server: [UNAVAILABLE] Temporary authentication failure. [de-fra-mailstorage131:2026-01-1 (errflg=2) in Unknown on line 0
[16-Jan-2026 17:17:41 Asia/Karachi] PHP Notice:  PHP Request Shutdown: Retrying PLAIN authentication after [UNAVAILABLE] Temporary authentication failure. [de-fra-mailstorage131:2026-01-1 (errflg=1) in Unknown on line 0
[16-Jan-2026 17:17:41 Asia/Karachi] PHP Notice:  PHP Request Shutdown: Retrying PLAIN authentication after [UNAVAILABLE] Temporary authentication failure. [de-fra-mailstorage131:2026-01-1 (errflg=1) in Unknown on line 0
[16-Jan-2026 17:17:41 Asia/Karachi] PHP Notice:  PHP Request Shutdown: Can not authenticate to IMAP server: [UNAVAILABLE] Temporary authentication failure. [de-fra-mailstorage131:2026-01-1 (errflg=2) in Unknown on line 0
[16-Jan-2026 17:18:36 Asia/Karachi] PHP Notice:  PHP Request Shutdown: Retrying PLAIN authentication after [UNAVAILABLE] Temporary authentication failure. [de-fra-mailstorage131:2026-01-1 (errflg=1) in Unknown on line 0
[16-Jan-2026 17:18:36 Asia/Karachi] PHP Notice:  PHP Request Shutdown: Retrying PLAIN authentication after [UNAVAILABLE] Temporary authentication failure. [de-fra-mailstorage131:2026-01-1 (errflg=1) in Unknown on line 0
[16-Jan-2026 17:18:36 Asia/Karachi] PHP Notice:  PHP Request Shutdown: Can not authenticate to IMAP server: [UNAVAILABLE] Temporary authentication failure. [de-fra-mailstorage131:2026-01-1 (errflg=2) in Unknown on line 0
[16-Jan-2026 17:19:42 Asia/Karachi] PHP Notice:  PHP Request Shutdown: Retrying PLAIN authentication after [UNAVAILABLE] Temporary authentication failure. [de-fra-mailstorage131:2026-01-1 (errflg=1) in Unknown on line 0
[16-Jan-2026 17:19:42 Asia/Karachi] PHP Notice:  PHP Request Shutdown: Retrying PLAIN authentication after [UNAVAILABLE] Temporary authentication failure. [de-fra-mailstorage131:2026-01-1 (errflg=1) in Unknown on line 0
[16-Jan-2026 17:19:42 Asia/Karachi] PHP Notice:  PHP Request Shutdown: Can not authenticate to IMAP server: [UNAVAILABLE] Temporary authentication failure. [de-fra-mailstorage131:2026-01-1 (errflg=2) in Unknown on line 0
[16-Jan-2026 17:20:36 Asia/Karachi] PHP Notice:  PHP Request Shutdown: Retrying PLAIN authentication after [UNAVAILABLE] Temporary authentication failure. [de-fra-mailstorage131:2026-01-1 (errflg=1) in Unknown on line 0
[16-Jan-2026 17:20:36 Asia/Karachi] PHP Notice:  PHP Request Shutdown: Retrying PLAIN authentication after [UNAVAILABLE] Temporary authentication failure. [de-fra-mailstorage131:2026-01-1 (errflg=1) in Unknown on line 0
[16-Jan-2026 17:20:36 Asia/Karachi] PHP Notice:  PHP Request Shutdown: Can not authenticate to IMAP server: [UNAVAILABLE] Temporary authentication failure. [de-fra-mailstorage131:2026-01-1 (errflg=2) in Unknown on line 0
[16-Jan-2026 17:21:42 Asia/Karachi] PHP Notice:  PHP Request Shutdown: Retrying PLAIN authentication after [UNAVAILABLE] Temporary authentication failure. [de-fra-mailstorage131:2026-01-1 (errflg=1) in Unknown on line 0
[16-Jan-2026 17:21:42 Asia/Karachi] PHP Notice:  PHP Request Shutdown: Retrying PLAIN authentication after [UNAVAILABLE] Temporary authentication failure. [de-fra-mailstorage131:2026-01-1 (errflg=1) in Unknown on line 0
[16-Jan-2026 17:21:42 Asia/Karachi] PHP Notice:  PHP Request Shutdown: Can not authenticate to IMAP server: [UNAVAILABLE] Temporary authentication failure. [de-fra-mailstorage131:2026-01-1 (errflg=2) in Unknown on line 0
[16-Jan-2026 17:22:36 Asia/Karachi] PHP Notice:  PHP Request Shutdown: Retrying PLAIN authentication after [UNAVAILABLE] Temporary authentication failure. [de-fra-mailstorage131:2026-01-1 (errflg=1) in Unknown on line 0
[16-Jan-2026 17:22:36 Asia/Karachi] PHP Notice:  PHP Request Shutdown: Retrying PLAIN authentication after [UNAVAILABLE] Temporary authentication failure. [de-fra-mailstorage131:2026-01-1 (errflg=1) in Unknown on line 0
[16-Jan-2026 17:22:36 Asia/Karachi] PHP Notice:  PHP Request Shutdown: Can not authenticate to IMAP server: [UNAVAILABLE] Temporary authentication failure. [de-fra-mailstorage131:2026-01-1 (errflg=2) in Unknown on line 0
[16-Jan-2026 17:23:36 Asia/Karachi] PHP Notice:  PHP Request Shutdown: Retrying PLAIN authentication after [UNAVAILABLE] Temporary authentication failure. [de-fra-mailstorage131:2026-01-1 (errflg=1) in Unknown on line 0
[16-Jan-2026 17:23:36 Asia/Karachi] PHP Notice:  PHP Request Shutdown: Retrying PLAIN authentication after [UNAVAILABLE] Temporary authentication failure. [de-fra-mailstorage131:2026-01-1 (errflg=1) in Unknown on line 0
[16-Jan-2026 17:23:36 Asia/Karachi] PHP Notice:  PHP Request Shutdown: Can not authenticate to IMAP server: [UNAVAILABLE] Temporary authentication failure. [de-fra-mailstorage131:2026-01-1 (errflg=2) in Unknown on line 0
[16-Jan-2026 17:24:36 Asia/Karachi] PHP Notice:  PHP Request Shutdown: Retrying PLAIN authentication after [UNAVAILABLE] Temporary authentication failure. [de-fra-mailstorage131:2026-01-1 (errflg=1) in Unknown on line 0
[16-Jan-2026 17:24:36 Asia/Karachi] PHP Notice:  PHP Request Shutdown: Retrying PLAIN authentication after [UNAVAILABLE] Temporary authentication failure. [de-fra-mailstorage131:2026-01-1 (errflg=1) in Unknown on line 0
[16-Jan-2026 17:24:36 Asia/Karachi] PHP Notice:  PHP Request Shutdown: Can not authenticate to IMAP server: [UNAVAILABLE] Temporary authentication failure. [de-fra-mailstorage131:2026-01-1 (errflg=2) in Unknown on line 0
[16-Jan-2026 17:25:41 Asia/Karachi] PHP Notice:  PHP Request Shutdown: Retrying PLAIN authentication after [UNAVAILABLE] Temporary authentication failure. [de-fra-mailstorage131:2026-01-1 (errflg=1) in Unknown on line 0
[16-Jan-2026 17:25:41 Asia/Karachi] PHP Notice:  PHP Request Shutdown: Retrying PLAIN authentication after [UNAVAILABLE] Temporary authentication failure. [de-fra-mailstorage131:2026-01-1 (errflg=1) in Unknown on line 0
[16-Jan-2026 17:25:41 Asia/Karachi] PHP Notice:  PHP Request Shutdown: Can not authenticate to IMAP server: [UNAVAILABLE] Temporary authentication failure. [de-fra-mailstorage131:2026-01-1 (errflg=2) in Unknown on line 0
[16-Jan-2026 17:26:35 Asia/Karachi] PHP Notice:  PHP Request Shutdown: Retrying PLAIN authentication after [UNAVAILABLE] Temporary authentication failure. [de-fra-mailstorage131:2026-01-1 (errflg=1) in Unknown on line 0
[16-Jan-2026 17:26:35 Asia/Karachi] PHP Notice:  PHP Request Shutdown: Retrying PLAIN authentication after [UNAVAILABLE] Temporary authentication failure. [de-fra-mailstorage131:2026-01-1 (errflg=1) in Unknown on line 0
[16-Jan-2026 17:26:35 Asia/Karachi] PHP Notice:  PHP Request Shutdown: Can not authenticate to IMAP server: [UNAVAILABLE] Temporary authentication failure. [de-fra-mailstorage131:2026-01-1 (errflg=2) in Unknown on line 0
[16-Jan-2026 17:27:40 Asia/Karachi] PHP Notice:  PHP Request Shutdown: Retrying PLAIN authentication after [UNAVAILABLE] Temporary authentication failure. [de-fra-mailstorage131:2026-01-1 (errflg=1) in Unknown on line 0
[16-Jan-2026 17:27:40 Asia/Karachi] PHP Notice:  PHP Request Shutdown: Retrying PLAIN authentication after [UNAVAILABLE] Temporary authentication failure. [de-fra-mailstorage131:2026-01-1 (errflg=1) in Unknown on line 0
[16-Jan-2026 17:27:40 Asia/Karachi] PHP Notice:  PHP Request Shutdown: Can not authenticate to IMAP server: [UNAVAILABLE] Temporary authentication failure. [de-fra-mailstorage131:2026-01-1 (errflg=2) in Unknown on line 0
[16-Jan-2026 17:28:35 Asia/Karachi] PHP Notice:  PHP Request Shutdown: Retrying PLAIN authentication after [UNAVAILABLE] Temporary authentication failure. [de-fra-mailstorage131:2026-01-1 (errflg=1) in Unknown on line 0
[16-Jan-2026 17:28:35 Asia/Karachi] PHP Notice:  PHP Request Shutdown: Retrying PLAIN authentication after [UNAVAILABLE] Temporary authentication failure. [de-fra-mailstorage131:2026-01-1 (errflg=1) in Unknown on line 0
[16-Jan-2026 17:28:35 Asia/Karachi] PHP Notice:  PHP Request Shutdown: Can not authenticate to IMAP server: [UNAVAILABLE] Temporary authentication failure. [de-fra-mailstorage131:2026-01-1 (errflg=2) in Unknown on line 0
[16-Jan-2026 17:29:40 Asia/Karachi] PHP Notice:  PHP Request Shutdown: Retrying PLAIN authentication after [UNAVAILABLE] Temporary authentication failure. [de-fra-mailstorage131:2026-01-1 (errflg=1) in Unknown on line 0
[16-Jan-2026 17:29:40 Asia/Karachi] PHP Notice:  PHP Request Shutdown: Retrying PLAIN authentication after [UNAVAILABLE] Temporary authentication failure. [de-fra-mailstorage131:2026-01-1 (errflg=1) in Unknown on line 0
[16-Jan-2026 17:29:40 Asia/Karachi] PHP Notice:  PHP Request Shutdown: Can not authenticate to IMAP server: [UNAVAILABLE] Temporary authentication failure. [de-fra-mailstorage131:2026-01-1 (errflg=2) in Unknown on line 0
[16-Jan-2026 17:30:36 Asia/Karachi] PHP Notice:  PHP Request Shutdown: Retrying PLAIN authentication after [UNAVAILABLE] Temporary authentication failure. [de-fra-mailstorage131:2026-01-1 (errflg=1) in Unknown on line 0
[16-Jan-2026 17:30:36 Asia/Karachi] PHP Notice:  PHP Request Shutdown: Retrying PLAIN authentication after [UNAVAILABLE] Temporary authentication failure. [de-fra-mailstorage131:2026-01-1 (errflg=1) in Unknown on line 0
[16-Jan-2026 17:30:36 Asia/Karachi] PHP Notice:  PHP Request Shutdown: Can not authenticate to IMAP server: [UNAVAILABLE] Temporary authentication failure. [de-fra-mailstorage131:2026-01-1 (errflg=2) in Unknown on line 0
[16-Jan-2026 17:31:41 Asia/Karachi] PHP Notice:  PHP Request Shutdown: Retrying PLAIN authentication after [UNAVAILABLE] Temporary authentication failure. [de-fra-mailstorage131:2026-01-1 (errflg=1) in Unknown on line 0
[16-Jan-2026 17:31:41 Asia/Karachi] PHP Notice:  PHP Request Shutdown: Retrying PLAIN authentication after [UNAVAILABLE] Temporary authentication failure. [de-fra-mailstorage131:2026-01-1 (errflg=1) in Unknown on line 0
[16-Jan-2026 17:31:41 Asia/Karachi] PHP Notice:  PHP Request Shutdown: Can not authenticate to IMAP server: [UNAVAILABLE] Temporary authentication failure. [de-fra-mailstorage131:2026-01-1 (errflg=2) in Unknown on line 0
[16-Jan-2026 17:32:35 Asia/Karachi] PHP Notice:  PHP Request Shutdown: Retrying PLAIN authentication after [UNAVAILABLE] Temporary authentication failure. [de-fra-mailstorage131:2026-01-1 (errflg=1) in Unknown on line 0
[16-Jan-2026 17:32:35 Asia/Karachi] PHP Notice:  PHP Request Shutdown: Retrying PLAIN authentication after [UNAVAILABLE] Temporary authentication failure. [de-fra-mailstorage131:2026-01-1 (errflg=1) in Unknown on line 0
[16-Jan-2026 17:32:35 Asia/Karachi] PHP Notice:  PHP Request Shutdown: Can not authenticate to IMAP server: [UNAVAILABLE] Temporary authentication failure. [de-fra-mailstorage131:2026-01-1 (errflg=2) in Unknown on line 0
[16-Jan-2026 17:33:41 Asia/Karachi] PHP Notice:  PHP Request Shutdown: Retrying PLAIN authentication after [UNAVAILABLE] Temporary authentication failure. [de-fra-mailstorage131:2026-01-1 (errflg=1) in Unknown on line 0
[16-Jan-2026 17:33:41 Asia/Karachi] PHP Notice:  PHP Request Shutdown: Retrying PLAIN authentication after [UNAVAILABLE] Temporary authentication failure. [de-fra-mailstorage131:2026-01-1 (errflg=1) in Unknown on line 0
[16-Jan-2026 17:33:41 Asia/Karachi] PHP Notice:  PHP Request Shutdown: Can not authenticate to IMAP server: [UNAVAILABLE] Temporary authentication failure. [de-fra-mailstorage131:2026-01-1 (errflg=2) in Unknown on line 0
[16-Jan-2026 17:34:36 Asia/Karachi] PHP Notice:  PHP Request Shutdown: Retrying PLAIN authentication after [UNAVAILABLE] Temporary authentication failure. [de-fra-mailstorage131:2026-01-1 (errflg=1) in Unknown on line 0
[16-Jan-2026 17:34:36 Asia/Karachi] PHP Notice:  PHP Request Shutdown: Retrying PLAIN authentication after [UNAVAILABLE] Temporary authentication failure. [de-fra-mailstorage131:2026-01-1 (errflg=1) in Unknown on line 0
[16-Jan-2026 17:34:36 Asia/Karachi] PHP Notice:  PHP Request Shutdown: Can not authenticate to IMAP server: [UNAVAILABLE] Temporary authentication failure. [de-fra-mailstorage131:2026-01-1 (errflg=2) in Unknown on line 0
[16-Jan-2026 17:35:41 Asia/Karachi] PHP Notice:  PHP Request Shutdown: Retrying PLAIN authentication after [UNAVAILABLE] Temporary authentication failure. [de-fra-mailstorage131:2026-01-1 (errflg=1) in Unknown on line 0
[16-Jan-2026 17:35:41 Asia/Karachi] PHP Notice:  PHP Request Shutdown: Retrying PLAIN authentication after [UNAVAILABLE] Temporary authentication failure. [de-fra-mailstorage131:2026-01-1 (errflg=1) in Unknown on line 0
[16-Jan-2026 17:35:41 Asia/Karachi] PHP Notice:  PHP Request Shutdown: Can not authenticate to IMAP server: [UNAVAILABLE] Temporary authentication failure. [de-fra-mailstorage131:2026-01-1 (errflg=2) in Unknown on line 0
[16-Jan-2026 17:36:36 Asia/Karachi] PHP Notice:  PHP Request Shutdown: Retrying PLAIN authentication after [UNAVAILABLE] Temporary authentication failure. [de-fra-mailstorage131:2026-01-1 (errflg=1) in Unknown on line 0
[16-Jan-2026 17:36:36 Asia/Karachi] PHP Notice:  PHP Request Shutdown: Retrying PLAIN authentication after [UNAVAILABLE] Temporary authentication failure. [de-fra-mailstorage131:2026-01-1 (errflg=1) in Unknown on line 0
[16-Jan-2026 17:36:36 Asia/Karachi] PHP Notice:  PHP Request Shutdown: Can not authenticate to IMAP server: [UNAVAILABLE] Temporary authentication failure. [de-fra-mailstorage131:2026-01-1 (errflg=2) in Unknown on line 0
[16-Jan-2026 17:37:35 Asia/Karachi] PHP Notice:  PHP Request Shutdown: Retrying PLAIN authentication after [UNAVAILABLE] Temporary authentication failure. [de-fra-mailstorage131:2026-01-1 (errflg=1) in Unknown on line 0
[16-Jan-2026 17:37:35 Asia/Karachi] PHP Notice:  PHP Request Shutdown: Retrying PLAIN authentication after [UNAVAILABLE] Temporary authentication failure. [de-fra-mailstorage131:2026-01-1 (errflg=1) in Unknown on line 0
[16-Jan-2026 17:37:35 Asia/Karachi] PHP Notice:  PHP Request Shutdown: Can not authenticate to IMAP server: [UNAVAILABLE] Temporary authentication failure. [de-fra-mailstorage131:2026-01-1 (errflg=2) in Unknown on line 0
[16-Jan-2026 17:38:41 Asia/Karachi] PHP Notice:  PHP Request Shutdown: Retrying PLAIN authentication after [UNAVAILABLE] Temporary authentication failure. [de-fra-mailstorage131:2026-01-1 (errflg=1) in Unknown on line 0
[16-Jan-2026 17:38:41 Asia/Karachi] PHP Notice:  PHP Request Shutdown: Retrying PLAIN authentication after [UNAVAILABLE] Temporary authentication failure. [de-fra-mailstorage131:2026-01-1 (errflg=1) in Unknown on line 0
[16-Jan-2026 17:38:41 Asia/Karachi] PHP Notice:  PHP Request Shutdown: Can not authenticate to IMAP server: [UNAVAILABLE] Temporary authentication failure. [de-fra-mailstorage131:2026-01-1 (errflg=2) in Unknown on line 0
[08-Feb-2026 01:48:03 Asia/Karachi] PHP Notice:  PHP Request Shutdown: Can not authenticate to IMAP server: [CLOSED] IMAP connection broken (authenticate) (errflg=2) in Unknown on line 0
[08-Feb-2026 21:21:04 Asia/Karachi] PHP Notice:  PHP Request Shutdown: [CLOSED] IMAP connection broken (server response) (errflg=2) in Unknown on line 0
[09-Feb-2026 01:27:02 Asia/Karachi] PHP Notice:  PHP Request Shutdown: [CLOSED] IMAP connection broken (server response) (errflg=2) in Unknown on line 0
[09-Feb-2026 10:27:04 Asia/Karachi] PHP Notice:  PHP Request Shutdown: [CLOSED] IMAP connection broken (server response) (errflg=2) in Unknown on line 0
[09-Feb-2026 14:47:05 Asia/Karachi] PHP Notice:  PHP Request Shutdown: Can not authenticate to IMAP server: [CLOSED] IMAP connection broken (authenticate) (errflg=2) in Unknown on line 0
[26-Feb-2026 00:45:14 Asia/Karachi] PHP Notice:  PHP Request Shutdown: Can't connect to imap.hostinger.com,993: Connection timed out (errflg=1) in Unknown on line 0
[26-Feb-2026 01:25:14 Asia/Karachi] PHP Notice:  PHP Request Shutdown: Can't connect to imap.hostinger.com,993: Connection timed out (errflg=1) in Unknown on line 0
[28-Feb-2026 00:32:03 Asia/Karachi] PHP Notice:  PHP Request Shutdown: [CLOSED] IMAP connection broken (server response) (errflg=2) in Unknown on line 0
[07-Mar-2026 06:16:40 Asia/Karachi] PHP Notice:  PHP Request Shutdown: TLS/SSL failure for imap.hostinger.com: SSL negotiation failed (errflg=2) in Unknown on line 0
[10-Mar-2026 15:50:22 Asia/Karachi] PHP Notice:  PHP Request Shutdown: Retrying PLAIN authentication after [UNAVAILABLE] Account is temporarily unavailable. (errflg=1) in Unknown on line 0
[10-Mar-2026 16:22:20 Asia/Karachi] PHP Notice:  PHP Request Shutdown: Retrying PLAIN authentication after [UNAVAILABLE] Account is temporarily unavailable. (errflg=1) in Unknown on line 0
[10-Mar-2026 21:33:21 Asia/Karachi] PHP Notice:  PHP Request Shutdown: Retrying PLAIN authentication after [UNAVAILABLE] Account is temporarily unavailable. (errflg=1) in Unknown on line 0
[10-Mar-2026 23:47:13 Asia/Karachi] PHP Notice:  PHP Request Shutdown: Can't connect to imap.hostinger.com,993: Connection timed out (errflg=1) in Unknown on line 0
[11-Mar-2026 05:11:27 Asia/Karachi] PHP Notice:  PHP Request Shutdown: Retrying PLAIN authentication after [UNAVAILABLE] Account is temporarily unavailable. (errflg=1) in Unknown on line 0
[11-Mar-2026 05:43:24 Asia/Karachi] PHP Notice:  PHP Request Shutdown: Retrying PLAIN authentication after [UNAVAILABLE] Account is temporarily unavailable. (errflg=1) in Unknown on line 0
[11-Mar-2026 06:15:37 Asia/Karachi] PHP Notice:  PHP Request Shutdown: TLS/SSL failure for imap.hostinger.com: SSL negotiation failed (errflg=2) in Unknown on line 0
[11-Mar-2026 07:19:14 Asia/Karachi] PHP Notice:  PHP Request Shutdown: TLS/SSL failure for imap.hostinger.com: SSL negotiation failed (errflg=2) in Unknown on line 0
[11-Mar-2026 08:55:19 Asia/Karachi] PHP Notice:  PHP Request Shutdown: Retrying PLAIN authentication after [UNAVAILABLE] Account is temporarily unavailable. (errflg=1) in Unknown on line 0
[11-Mar-2026 09:27:32 Asia/Karachi] PHP Notice:  PHP Request Shutdown: TLS/SSL failure for imap.hostinger.com: SSL negotiation failed (errflg=2) in Unknown on line 0
[11-Mar-2026 12:07:19 Asia/Karachi] PHP Notice:  PHP Request Shutdown: Retrying PLAIN authentication after [UNAVAILABLE] Account is temporarily unavailable. (errflg=1) in Unknown on line 0
[11-Mar-2026 13:43:18 Asia/Karachi] PHP Notice:  PHP Request Shutdown: Retrying PLAIN authentication after [UNAVAILABLE] Account is temporarily unavailable. (errflg=1) in Unknown on line 0
[11-Mar-2026 13:43:18 Asia/Karachi] PHP Notice:  PHP Request Shutdown: Retrying PLAIN authentication after [UNAVAILABLE] Account is temporarily unavailable. (errflg=1) in Unknown on line 0
[11-Mar-2026 13:43:18 Asia/Karachi] PHP Notice:  PHP Request Shutdown: Can not authenticate to IMAP server: [UNAVAILABLE] Account is temporarily unavailable. (errflg=2) in Unknown on line 0
[11-Mar-2026 14:17:19 Asia/Karachi] PHP Notice:  PHP Request Shutdown: Retrying PLAIN authentication after [UNAVAILABLE] Account is temporarily unavailable. (errflg=1) in Unknown on line 0
[11-Mar-2026 14:51:24 Asia/Karachi] PHP Notice:  PHP Request Shutdown: Retrying PLAIN authentication after [UNAVAILABLE] Account is temporarily unavailable. (errflg=1) in Unknown on line 0
[11-Mar-2026 15:23:21 Asia/Karachi] PHP Notice:  PHP Request Shutdown: Retrying PLAIN authentication after [UNAVAILABLE] Account is temporarily unavailable. (errflg=1) in Unknown on line 0
[11-Mar-2026 16:27:22 Asia/Karachi] PHP Notice:  PHP Request Shutdown: TLS/SSL failure for imap.hostinger.com: SSL negotiation failed (errflg=2) in Unknown on line 0
[11-Mar-2026 16:59:21 Asia/Karachi] PHP Notice:  PHP Request Shutdown: Retrying PLAIN authentication after [UNAVAILABLE] Account is temporarily unavailable. (errflg=1) in Unknown on line 0
[11-Mar-2026 17:31:21 Asia/Karachi] PHP Notice:  PHP Request Shutdown: Retrying PLAIN authentication after [UNAVAILABLE] Account is temporarily unavailable. (errflg=1) in Unknown on line 0
[11-Mar-2026 21:48:13 Asia/Karachi] PHP Notice:  PHP Request Shutdown: TLS/SSL failure for imap.hostinger.com: SSL negotiation failed (errflg=2) in Unknown on line 0
[11-Mar-2026 22:20:19 Asia/Karachi] PHP Notice:  PHP Request Shutdown: Retrying PLAIN authentication after [UNAVAILABLE] Account is temporarily unavailable. (errflg=1) in Unknown on line 0
[11-Mar-2026 22:20:19 Asia/Karachi] PHP Notice:  PHP Request Shutdown: Retrying PLAIN authentication after [UNAVAILABLE] Account is temporarily unavailable. (errflg=1) in Unknown on line 0
[11-Mar-2026 22:20:19 Asia/Karachi] PHP Notice:  PHP Request Shutdown: Can not authenticate to IMAP server: [UNAVAILABLE] Account is temporarily unavailable. (errflg=2) in Unknown on line 0
[12-Mar-2026 11:44:02 Asia/Karachi] PHP Notice:  PHP Request Shutdown: Retrying PLAIN authentication after [UNAVAILABLE] Account is temporarily unavailable. (errflg=1) in Unknown on line 0
[12-Mar-2026 11:44:02 Asia/Karachi] PHP Notice:  PHP Request Shutdown: Retrying PLAIN authentication after [UNAVAILABLE] Account is temporarily unavailable. (errflg=1) in Unknown on line 0
[12-Mar-2026 11:44:02 Asia/Karachi] PHP Notice:  PHP Request Shutdown: Can not authenticate to IMAP server: [UNAVAILABLE] Account is temporarily unavailable. (errflg=2) in Unknown on line 0
[12-Mar-2026 13:20:27 Asia/Karachi] PHP Notice:  PHP Request Shutdown: Retrying PLAIN authentication after [UNAVAILABLE] Account is temporarily unavailable. (errflg=1) in Unknown on line 0
[12-Mar-2026 13:52:08 Asia/Karachi] PHP Notice:  PHP Request Shutdown: TLS/SSL failure for imap.hostinger.com: SSL negotiation failed (errflg=2) in Unknown on line 0
[12-Mar-2026 14:56:21 Asia/Karachi] PHP Notice:  PHP Request Shutdown: Retrying PLAIN authentication after [UNAVAILABLE] Account is temporarily unavailable. (errflg=1) in Unknown on line 0
[12-Mar-2026 15:28:15 Asia/Karachi] PHP Notice:  PHP Request Shutdown: TLS/SSL failure for imap.hostinger.com: SSL negotiation failed (errflg=2) in Unknown on line 0
[12-Mar-2026 17:08:07 Asia/Karachi] PHP Notice:  PHP Request Shutdown: TLS/SSL failure for imap.hostinger.com: SSL negotiation failed (errflg=2) in Unknown on line 0
[12-Mar-2026 17:40:07 Asia/Karachi] PHP Notice:  PHP Request Shutdown: TLS/SSL failure for imap.hostinger.com: SSL negotiation failed (errflg=2) in Unknown on line 0
[12-Mar-2026 18:12:22 Asia/Karachi] PHP Notice:  PHP Request Shutdown: Retrying PLAIN authentication after [UNAVAILABLE] Account is temporarily unavailable. (errflg=1) in Unknown on line 0
[12-Mar-2026 21:26:11 Asia/Karachi] PHP Notice:  PHP Request Shutdown: Retrying PLAIN authentication after [UNAVAILABLE] Account is temporarily unavailable. (errflg=1) in Unknown on line 0
[12-Mar-2026 21:26:11 Asia/Karachi] PHP Notice:  PHP Request Shutdown: Retrying PLAIN authentication after [UNAVAILABLE] Account is temporarily unavailable. (errflg=1) in Unknown on line 0
[12-Mar-2026 21:26:11 Asia/Karachi] PHP Notice:  PHP Request Shutdown: Can not authenticate to IMAP server: [UNAVAILABLE] Account is temporarily unavailable. (errflg=2) in Unknown on line 0
[12-Mar-2026 22:00:05 Asia/Karachi] PHP Notice:  PHP Request Shutdown: Retrying PLAIN authentication after [UNAVAILABLE] Account is temporarily unavailable. (errflg=1) in Unknown on line 0
[12-Mar-2026 22:00:05 Asia/Karachi] PHP Notice:  PHP Request Shutdown: Retrying PLAIN authentication after [UNAVAILABLE] Account is temporarily unavailable. (errflg=1) in Unknown on line 0
[12-Mar-2026 22:00:05 Asia/Karachi] PHP Notice:  PHP Request Shutdown: Can not authenticate to IMAP server: [UNAVAILABLE] Account is temporarily unavailable. (errflg=2) in Unknown on line 0
[12-Mar-2026 22:32:14 Asia/Karachi] PHP Notice:  PHP Request Shutdown: Retrying PLAIN authentication after [UNAVAILABLE] Account is temporarily unavailable. (errflg=1) in Unknown on line 0
[12-Mar-2026 22:32:14 Asia/Karachi] PHP Notice:  PHP Request Shutdown: Retrying PLAIN authentication after [UNAVAILABLE] Account is temporarily unavailable. (errflg=1) in Unknown on line 0
[12-Mar-2026 22:32:14 Asia/Karachi] PHP Notice:  PHP Request Shutdown: Can not authenticate to IMAP server: [UNAVAILABLE] Account is temporarily unavailable. (errflg=2) in Unknown on line 0
[12-Mar-2026 23:36:11 Asia/Karachi] PHP Notice:  PHP Request Shutdown: Retrying PLAIN authentication after [UNAVAILABLE] Account is temporarily unavailable. (errflg=1) in Unknown on line 0
[12-Mar-2026 23:36:11 Asia/Karachi] PHP Notice:  PHP Request Shutdown: Retrying PLAIN authentication after [UNAVAILABLE] Account is temporarily unavailable. (errflg=1) in Unknown on line 0
[12-Mar-2026 23:36:11 Asia/Karachi] PHP Notice:  PHP Request Shutdown: Can not authenticate to IMAP server: [UNAVAILABLE] Account is temporarily unavailable. (errflg=2) in Unknown on line 0
[13-Mar-2026 00:40:13 Asia/Karachi] PHP Notice:  PHP Request Shutdown: Retrying PLAIN authentication after [UNAVAILABLE] Account is temporarily unavailable. (errflg=1) in Unknown on line 0
[13-Mar-2026 00:40:13 Asia/Karachi] PHP Notice:  PHP Request Shutdown: Retrying PLAIN authentication after [UNAVAILABLE] Account is temporarily unavailable. (errflg=1) in Unknown on line 0
[13-Mar-2026 00:40:13 Asia/Karachi] PHP Notice:  PHP Request Shutdown: Can not authenticate to IMAP server: [UNAVAILABLE] Account is temporarily unavailable. (errflg=2) in Unknown on line 0
[13-Mar-2026 01:44:26 Asia/Karachi] PHP Notice:  PHP Request Shutdown: Retrying PLAIN authentication after [UNAVAILABLE] Account is temporarily unavailable. (errflg=1) in Unknown on line 0
[13-Mar-2026 02:16:18 Asia/Karachi] PHP Notice:  PHP Request Shutdown: TLS/SSL failure for imap.hostinger.com: SSL negotiation failed (errflg=2) in Unknown on line 0
[13-Mar-2026 03:54:26 Asia/Karachi] PHP Notice:  PHP Request Shutdown: Retrying PLAIN authentication after [UNAVAILABLE] Account is temporarily unavailable. (errflg=1) in Unknown on line 0
[13-Mar-2026 04:26:05 Asia/Karachi] PHP Notice:  PHP Request Shutdown: Retrying PLAIN authentication after [UNAVAILABLE] Account is temporarily unavailable. (errflg=1) in Unknown on line 0
[13-Mar-2026 04:26:05 Asia/Karachi] PHP Notice:  PHP Request Shutdown: Retrying PLAIN authentication after [UNAVAILABLE] Account is temporarily unavailable. (errflg=1) in Unknown on line 0
[13-Mar-2026 04:26:05 Asia/Karachi] PHP Notice:  PHP Request Shutdown: Can not authenticate to IMAP server: [UNAVAILABLE] Account is temporarily unavailable. (errflg=2) in Unknown on line 0
[13-Mar-2026 05:00:23 Asia/Karachi] PHP Notice:  PHP Request Shutdown: Retrying PLAIN authentication after [UNAVAILABLE] Account is temporarily unavailable. (errflg=1) in Unknown on line 0
[13-Mar-2026 05:32:11 Asia/Karachi] PHP Notice:  PHP Request Shutdown: Retrying PLAIN authentication after [UNAVAILABLE] Account is temporarily unavailable. (errflg=1) in Unknown on line 0
[13-Mar-2026 05:32:11 Asia/Karachi] PHP Notice:  PHP Request Shutdown: Retrying PLAIN authentication after [UNAVAILABLE] Account is temporarily unavailable. (errflg=1) in Unknown on line 0
[13-Mar-2026 05:32:11 Asia/Karachi] PHP Notice:  PHP Request Shutdown: Can not authenticate to IMAP server: [UNAVAILABLE] Account is temporarily unavailable. (errflg=2) in Unknown on line 0
[13-Mar-2026 06:36:03 Asia/Karachi] PHP Notice:  PHP Request Shutdown: Retrying PLAIN authentication after [UNAVAILABLE] Account is temporarily unavailable. (errflg=1) in Unknown on line 0
[13-Mar-2026 06:36:03 Asia/Karachi] PHP Notice:  PHP Request Shutdown: Retrying PLAIN authentication after [UNAVAILABLE] Account is temporarily unavailable. (errflg=1) in Unknown on line 0
[13-Mar-2026 06:36:03 Asia/Karachi] PHP Notice:  PHP Request Shutdown: Can not authenticate to IMAP server: [UNAVAILABLE] Account is temporarily unavailable. (errflg=2) in Unknown on line 0
[13-Mar-2026 07:08:26 Asia/Karachi] PHP Notice:  PHP Request Shutdown: Retrying PLAIN authentication after [UNAVAILABLE] Account is temporarily unavailable. (errflg=1) in Unknown on line 0
[13-Mar-2026 07:17:02 Asia/Karachi] PHP Notice:  PHP Request Shutdown: Can not authenticate to IMAP server: [CLOSED] IMAP connection broken (authenticate) (errflg=2) in Unknown on line 0
[13-Mar-2026 11:02:04 Asia/Karachi] PHP Notice:  PHP Request Shutdown: TLS/SSL failure for imap.hostinger.com: SSL negotiation failed (errflg=2) in Unknown on line 0
[13-Mar-2026 11:56:11 Asia/Karachi] PHP Notice:  PHP Request Shutdown: Retrying PLAIN authentication after [UNAVAILABLE] Account is temporarily unavailable. (errflg=1) in Unknown on line 0
[13-Mar-2026 11:56:11 Asia/Karachi] PHP Notice:  PHP Request Shutdown: Retrying PLAIN authentication after [UNAVAILABLE] Account is temporarily unavailable. (errflg=1) in Unknown on line 0
[13-Mar-2026 11:56:11 Asia/Karachi] PHP Notice:  PHP Request Shutdown: Can not authenticate to IMAP server: [UNAVAILABLE] Account is temporarily unavailable. (errflg=2) in Unknown on line 0
[13-Mar-2026 12:30:28 Asia/Karachi] PHP Notice:  PHP Request Shutdown: Retrying PLAIN authentication after [UNAVAILABLE] Account is temporarily unavailable. (errflg=1) in Unknown on line 0
[13-Mar-2026 14:38:39 Asia/Karachi] PHP Notice:  PHP Request Shutdown: TLS/SSL failure for imap.hostinger.com: SSL negotiation failed (errflg=2) in Unknown on line 0
[13-Mar-2026 15:10:12 Asia/Karachi] PHP Notice:  PHP Request Shutdown: Retrying PLAIN authentication after [UNAVAILABLE] Account is temporarily unavailable. (errflg=1) in Unknown on line 0
[13-Mar-2026 15:10:12 Asia/Karachi] PHP Notice:  PHP Request Shutdown: Retrying PLAIN authentication after [UNAVAILABLE] Account is temporarily unavailable. (errflg=1) in Unknown on line 0
[13-Mar-2026 15:10:12 Asia/Karachi] PHP Notice:  PHP Request Shutdown: Can not authenticate to IMAP server: [UNAVAILABLE] Account is temporarily unavailable. (errflg=2) in Unknown on line 0
[13-Mar-2026 16:14:11 Asia/Karachi] PHP Notice:  PHP Request Shutdown: Retrying PLAIN authentication after [UNAVAILABLE] Account is temporarily unavailable. (errflg=1) in Unknown on line 0
[13-Mar-2026 16:14:11 Asia/Karachi] PHP Notice:  PHP Request Shutdown: Retrying PLAIN authentication after [UNAVAILABLE] Account is temporarily unavailable. (errflg=1) in Unknown on line 0
[13-Mar-2026 16:14:11 Asia/Karachi] PHP Notice:  PHP Request Shutdown: Can not authenticate to IMAP server: [UNAVAILABLE] Account is temporarily unavailable. (errflg=2) in Unknown on line 0
[13-Mar-2026 16:46:28 Asia/Karachi] PHP Notice:  PHP Request Shutdown: Retrying PLAIN authentication after [UNAVAILABLE] Account is temporarily unavailable. (errflg=1) in Unknown on line 0
[13-Mar-2026 18:54:26 Asia/Karachi] PHP Notice:  PHP Request Shutdown: Retrying PLAIN authentication after [UNAVAILABLE] Account is temporarily unavailable. (errflg=1) in Unknown on line 0
[13-Mar-2026 21:07:09 Asia/Karachi] PHP Notice:  PHP Request Shutdown: TLS/SSL failure for imap.hostinger.com: SSL negotiation failed (errflg=2) in Unknown on line 0
[14-Mar-2026 04:49:19 Asia/Karachi] PHP Notice:  PHP Request Shutdown: Retrying PLAIN authentication after [UNAVAILABLE] Account is temporarily unavailable. (errflg=1) in Unknown on line 0
[14-Mar-2026 06:25:21 Asia/Karachi] PHP Notice:  PHP Request Shutdown: Retrying PLAIN authentication after [UNAVAILABLE] Account is temporarily unavailable. (errflg=1) in Unknown on line 0
[14-Mar-2026 06:57:19 Asia/Karachi] PHP Notice:  PHP Request Shutdown: Retrying PLAIN authentication after [UNAVAILABLE] Account is temporarily unavailable. (errflg=1) in Unknown on line 0
[14-Mar-2026 09:37:10 Asia/Karachi] PHP Notice:  PHP Request Shutdown: TLS/SSL failure for imap.hostinger.com: SSL negotiation failed (errflg=2) in Unknown on line 0
[14-Mar-2026 10:11:18 Asia/Karachi] PHP Notice:  PHP Request Shutdown: Retrying PLAIN authentication after [UNAVAILABLE] Account is temporarily unavailable. (errflg=1) in Unknown on line 0
[14-Mar-2026 12:55:15 Asia/Karachi] PHP Notice:  PHP Request Shutdown: Retrying PLAIN authentication after [UNAVAILABLE] Account is temporarily unavailable. (errflg=1) in Unknown on line 0
[14-Mar-2026 13:27:17 Asia/Karachi] PHP Notice:  PHP Request Shutdown: TLS/SSL failure for imap.hostinger.com: SSL negotiation failed (errflg=2) in Unknown on line 0
[14-Mar-2026 13:59:27 Asia/Karachi] PHP Notice:  PHP Request Shutdown: Retrying PLAIN authentication after [UNAVAILABLE] Account is temporarily unavailable. (errflg=1) in Unknown on line 0
[14-Mar-2026 15:05:07 Asia/Karachi] PHP Notice:  PHP Request Shutdown: TLS/SSL failure for imap.hostinger.com: SSL negotiation failed (errflg=2) in Unknown on line 0
[14-Mar-2026 17:45:11 Asia/Karachi] PHP Notice:  PHP Request Shutdown: TLS/SSL failure for imap.hostinger.com: SSL negotiation failed (errflg=2) in Unknown on line 0
[14-Mar-2026 19:21:13 Asia/Karachi] PHP Notice:  PHP Request Shutdown: TLS/SSL failure for imap.hostinger.com: SSL negotiation failed (errflg=2) in Unknown on line 0
[14-Mar-2026 19:53:21 Asia/Karachi] PHP Notice:  PHP Request Shutdown: Retrying PLAIN authentication after [UNAVAILABLE] Account is temporarily unavailable. (errflg=1) in Unknown on line 0
[14-Mar-2026 20:25:22 Asia/Karachi] PHP Notice:  PHP Request Shutdown: Retrying PLAIN authentication after [UNAVAILABLE] Account is temporarily unavailable. (errflg=1) in Unknown on line 0
[14-Mar-2026 20:57:08 Asia/Karachi] PHP Notice:  PHP Request Shutdown: TLS/SSL failure for imap.hostinger.com: SSL negotiation failed (errflg=2) in Unknown on line 0
[14-Mar-2026 22:33:12 Asia/Karachi] PHP Notice:  PHP Request Shutdown: TLS/SSL failure for imap.hostinger.com: SSL negotiation failed (errflg=2) in Unknown on line 0
[15-Mar-2026 00:31:19 Asia/Karachi] PHP Notice:  PHP Request Shutdown: Retrying PLAIN authentication after [UNAVAILABLE] Account is temporarily unavailable. (errflg=1) in Unknown on line 0
[15-Mar-2026 02:39:11 Asia/Karachi] PHP Notice:  PHP Request Shutdown: TLS/SSL failure for imap.hostinger.com: SSL negotiation failed (errflg=2) in Unknown on line 0
[15-Mar-2026 06:31:20 Asia/Karachi] PHP Notice:  PHP Request Shutdown: Retrying PLAIN authentication after [UNAVAILABLE] Account is temporarily unavailable. (errflg=1) in Unknown on line 0
[15-Mar-2026 07:03:18 Asia/Karachi] PHP Notice:  PHP Request Shutdown: Retrying PLAIN authentication after [UNAVAILABLE] Account is temporarily unavailable. (errflg=1) in Unknown on line 0
[15-Mar-2026 11:43:11 Asia/Karachi] PHP Notice:  PHP Request Shutdown: Retrying PLAIN authentication after [UNAVAILABLE] Account is temporarily unavailable. (errflg=1) in Unknown on line 0
[15-Mar-2026 11:43:11 Asia/Karachi] PHP Notice:  PHP Request Shutdown: Retrying PLAIN authentication after [UNAVAILABLE] Account is temporarily unavailable. (errflg=1) in Unknown on line 0
[15-Mar-2026 11:43:11 Asia/Karachi] PHP Notice:  PHP Request Shutdown: Can not authenticate to IMAP server: [UNAVAILABLE] Account is temporarily unavailable. (errflg=2) in Unknown on line 0
[15-Mar-2026 13:26:03 Asia/Karachi] PHP Notice:  PHP Request Shutdown: Retrying PLAIN authentication after [UNAVAILABLE] Account is temporarily unavailable. (errflg=1) in Unknown on line 0
[15-Mar-2026 13:26:03 Asia/Karachi] PHP Notice:  PHP Request Shutdown: Retrying PLAIN authentication after [UNAVAILABLE] Account is temporarily unavailable. (errflg=1) in Unknown on line 0
[15-Mar-2026 13:26:03 Asia/Karachi] PHP Notice:  PHP Request Shutdown: Can not authenticate to IMAP server: [UNAVAILABLE] Account is temporarily unavailable. (errflg=2) in Unknown on line 0
[22-Mar-2026 15:51:03 Asia/Karachi] PHP Notice:  PHP Request Shutdown: Can not authenticate to IMAP server: [CLOSED] IMAP connection broken (authenticate) (errflg=2) in Unknown on line 0
[06-Apr-2026 18:34:13 Asia/Karachi] PHP Notice:  PHP Request Shutdown: Can not authenticate to IMAP server: [CLOSED] IMAP connection broken (authenticate) (errflg=2) in Unknown on line 0
[12-Apr-2026 23:39:05 Asia/Karachi] PHP Notice:  PHP Request Shutdown: TLS/SSL failure for imap.hostinger.com: SSL negotiation failed (errflg=2) in Unknown on line 0
[12-Apr-2026 23:52:04 Asia/Karachi] PHP Notice:  PHP Request Shutdown: [CLOSED] IMAP connection broken (server response) (errflg=2) in Unknown on line 0
[15-Apr-2026 07:12:34 Asia/Karachi] PHP Notice:  PHP Request Shutdown: Can not authenticate to IMAP server: [CLOSED] IMAP connection broken (authenticate) (errflg=2) in Unknown on line 0
[15-Apr-2026 07:17:33 Asia/Karachi] PHP Notice:  PHP Request Shutdown: Can not authenticate to IMAP server: [CLOSED] IMAP connection broken (authenticate) (errflg=2) in Unknown on line 0
[15-Apr-2026 07:19:34 Asia/Karachi] PHP Notice:  PHP Request Shutdown: Can not authenticate to IMAP server: [CLOSED] IMAP connection broken (authenticate) (errflg=2) in Unknown on line 0
[15-Apr-2026 07:23:16 Asia/Karachi] PHP Notice:  PHP Request Shutdown: Can not authenticate to IMAP server: [CLOSED] IMAP connection broken (authenticate) (errflg=2) in Unknown on line 0
[15-Apr-2026 07:28:33 Asia/Karachi] PHP Notice:  PHP Request Shutdown: Can not authenticate to IMAP server: [CLOSED] IMAP connection broken (authenticate) (errflg=2) in Unknown on line 0
[15-Apr-2026 07:32:34 Asia/Karachi] PHP Notice:  PHP Request Shutdown: Can not authenticate to IMAP server: [CLOSED] IMAP connection broken (authenticate) (errflg=2) in Unknown on line 0
[15-Apr-2026 07:35:33 Asia/Karachi] PHP Notice:  PHP Request Shutdown: Can not authenticate to IMAP server: [CLOSED] IMAP connection broken (authenticate) (errflg=2) in Unknown on line 0
[15-Apr-2026 07:38:33 Asia/Karachi] PHP Notice:  PHP Request Shutdown: Can not authenticate to IMAP server: [CLOSED] IMAP connection broken (authenticate) (errflg=2) in Unknown on line 0
[15-Apr-2026 07:40:33 Asia/Karachi] PHP Notice:  PHP Request Shutdown: Can not authenticate to IMAP server: [CLOSED] IMAP connection broken (authenticate) (errflg=2) in Unknown on line 0
[15-Apr-2026 07:42:33 Asia/Karachi] PHP Notice:  PHP Request Shutdown: Can not authenticate to IMAP server: [CLOSED] IMAP connection broken (authenticate) (errflg=2) in Unknown on line 0
[15-Apr-2026 07:52:33 Asia/Karachi] PHP Notice:  PHP Request Shutdown: Can not authenticate to IMAP server: [CLOSED] IMAP connection broken (authenticate) (errflg=2) in Unknown on line 0
[15-Apr-2026 08:01:38 Asia/Karachi] PHP Notice:  PHP Request Shutdown: Can not authenticate to IMAP server: [CLOSED] IMAP connection broken (authenticate) (errflg=2) in Unknown on line 0
[15-Apr-2026 08:05:33 Asia/Karachi] PHP Notice:  PHP Request Shutdown: Can not authenticate to IMAP server: [CLOSED] IMAP connection broken (authenticate) (errflg=2) in Unknown on line 0
[15-Apr-2026 08:15:33 Asia/Karachi] PHP Notice:  PHP Request Shutdown: Can not authenticate to IMAP server: [CLOSED] IMAP connection broken (authenticate) (errflg=2) in Unknown on line 0
[15-Apr-2026 08:19:34 Asia/Karachi] PHP Notice:  PHP Request Shutdown: Can not authenticate to IMAP server: [CLOSED] IMAP connection broken (authenticate) (errflg=2) in Unknown on line 0
[15-Apr-2026 08:25:33 Asia/Karachi] PHP Notice:  PHP Request Shutdown: Can not authenticate to IMAP server: [CLOSED] IMAP connection broken (authenticate) (errflg=2) in Unknown on line 0
[15-Apr-2026 08:28:35 Asia/Karachi] PHP Notice:  PHP Request Shutdown: Can not authenticate to IMAP server: [CLOSED] IMAP connection broken (authenticate) (errflg=2) in Unknown on line 0
[15-Apr-2026 08:31:35 Asia/Karachi] PHP Notice:  PHP Request Shutdown: Can not authenticate to IMAP server: [CLOSED] IMAP connection broken (authenticate) (errflg=2) in Unknown on line 0
[15-Apr-2026 08:37:33 Asia/Karachi] PHP Notice:  PHP Request Shutdown: Can not authenticate to IMAP server: [CLOSED] IMAP connection broken (authenticate) (errflg=2) in Unknown on line 0
[15-Apr-2026 08:39:33 Asia/Karachi] PHP Notice:  PHP Request Shutdown: Can not authenticate to IMAP server: [CLOSED] IMAP connection broken (authenticate) (errflg=2) in Unknown on line 0
[15-Apr-2026 08:41:34 Asia/Karachi] PHP Notice:  PHP Request Shutdown: Can not authenticate to IMAP server: [CLOSED] IMAP connection broken (authenticate) (errflg=2) in Unknown on line 0
[15-Apr-2026 08:59:33 Asia/Karachi] PHP Notice:  PHP Request Shutdown: Can not authenticate to IMAP server: [CLOSED] IMAP connection broken (authenticate) (errflg=2) in Unknown on line 0
[15-Apr-2026 09:22:36 Asia/Karachi] PHP Notice:  PHP Request Shutdown: Can not authenticate to IMAP server: [CLOSED] IMAP connection broken (authenticate) (errflg=2) in Unknown on line 0
[15-Apr-2026 09:24:33 Asia/Karachi] PHP Notice:  PHP Request Shutdown: Can not authenticate to IMAP server: [CLOSED] IMAP connection broken (authenticate) (errflg=2) in Unknown on line 0
[15-Apr-2026 09:26:34 Asia/Karachi] PHP Notice:  PHP Request Shutdown: Can not authenticate to IMAP server: [CLOSED] IMAP connection broken (authenticate) (errflg=2) in Unknown on line 0
[15-Apr-2026 09:30:33 Asia/Karachi] PHP Notice:  PHP Request Shutdown: Can not authenticate to IMAP server: [CLOSED] IMAP connection broken (authenticate) (errflg=2) in Unknown on line 0
[15-Apr-2026 09:37:33 Asia/Karachi] PHP Notice:  PHP Request Shutdown: Can not authenticate to IMAP server: [CLOSED] IMAP connection broken (authenticate) (errflg=2) in Unknown on line 0
[15-Apr-2026 09:40:33 Asia/Karachi] PHP Notice:  PHP Request Shutdown: Can not authenticate to IMAP server: [CLOSED] IMAP connection broken (authenticate) (errflg=2) in Unknown on line 0
[15-Apr-2026 09:45:32 Asia/Karachi] PHP Notice:  PHP Request Shutdown: Can not authenticate to IMAP server: [CLOSED] IMAP connection broken (authenticate) (errflg=2) in Unknown on line 0
[15-Apr-2026 09:47:33 Asia/Karachi] PHP Notice:  PHP Request Shutdown: Can not authenticate to IMAP server: [CLOSED] IMAP connection broken (authenticate) (errflg=2) in Unknown on line 0
[15-Apr-2026 09:50:34 Asia/Karachi] PHP Notice:  PHP Request Shutdown: Can not authenticate to IMAP server: [CLOSED] IMAP connection broken (authenticate) (errflg=2) in Unknown on line 0
[15-Apr-2026 09:56:06 Asia/Karachi] PHP Notice:  PHP Request Shutdown: Retrying PLAIN authentication after [UNAVAILABLE] Temporary authentication failure. [fr-int-imapproxy20:2026-04-15 0 (errflg=1) in Unknown on line 0
[15-Apr-2026 09:56:06 Asia/Karachi] PHP Notice:  PHP Request Shutdown: Can not authenticate to IMAP server: [CLOSED] IMAP connection broken (authenticate) (errflg=2) in Unknown on line 0
[15-Apr-2026 09:59:33 Asia/Karachi] PHP Notice:  PHP Request Shutdown: Can not authenticate to IMAP server: [CLOSED] IMAP connection broken (authenticate) (errflg=2) in Unknown on line 0
[15-Apr-2026 10:03:33 Asia/Karachi] PHP Notice:  PHP Request Shutdown: Can not authenticate to IMAP server: [CLOSED] IMAP connection broken (authenticate) (errflg=2) in Unknown on line 0
[15-Apr-2026 10:05:33 Asia/Karachi] PHP Notice:  PHP Request Shutdown: Can not authenticate to IMAP server: [CLOSED] IMAP connection broken (authenticate) (errflg=2) in Unknown on line 0
[15-Apr-2026 10:07:34 Asia/Karachi] PHP Notice:  PHP Request Shutdown: Can not authenticate to IMAP server: [CLOSED] IMAP connection broken (authenticate) (errflg=2) in Unknown on line 0
[15-Apr-2026 10:14:04 Asia/Karachi] PHP Notice:  PHP Request Shutdown: Retrying PLAIN authentication after [UNAVAILABLE] Temporary authentication failure. [fr-int-imapproxy20:2026-04-15 0 (errflg=1) in Unknown on line 0
[15-Apr-2026 10:14:04 Asia/Karachi] PHP Notice:  PHP Request Shutdown: Can not authenticate to IMAP server: [CLOSED] IMAP connection broken (authenticate) (errflg=2) in Unknown on line 0
[15-Apr-2026 10:19:33 Asia/Karachi] PHP Notice:  PHP Request Shutdown: Can not authenticate to IMAP server: [CLOSED] IMAP connection broken (authenticate) (errflg=2) in Unknown on line 0
[15-Apr-2026 10:25:35 Asia/Karachi] PHP Notice:  PHP Request Shutdown: Can not authenticate to IMAP server: [CLOSED] IMAP connection broken (authenticate) (errflg=2) in Unknown on line 0
[15-Apr-2026 10:32:33 Asia/Karachi] PHP Notice:  PHP Request Shutdown: Can not authenticate to IMAP server: [CLOSED] IMAP connection broken (authenticate) (errflg=2) in Unknown on line 0
[15-Apr-2026 10:39:34 Asia/Karachi] PHP Notice:  PHP Request Shutdown: Can not authenticate to IMAP server: [CLOSED] IMAP connection broken (authenticate) (errflg=2) in Unknown on line 0
[15-Apr-2026 10:45:34 Asia/Karachi] PHP Notice:  PHP Request Shutdown: Can not authenticate to IMAP server: [CLOSED] IMAP connection broken (authenticate) (errflg=2) in Unknown on line 0
[15-Apr-2026 10:49:33 Asia/Karachi] PHP Notice:  PHP Request Shutdown: Can not authenticate to IMAP server: [CLOSED] IMAP connection broken (authenticate) (errflg=2) in Unknown on line 0
[15-Apr-2026 10:56:33 Asia/Karachi] PHP Notice:  PHP Request Shutdown: Can not authenticate to IMAP server: [CLOSED] IMAP connection broken (authenticate) (errflg=2) in Unknown on line 0
[15-Apr-2026 11:00:34 Asia/Karachi] PHP Notice:  PHP Request Shutdown: Can not authenticate to IMAP server: [CLOSED] IMAP connection broken (authenticate) (errflg=2) in Unknown on line 0
[15-Apr-2026 11:03:33 Asia/Karachi] PHP Notice:  PHP Request Shutdown: Can not authenticate to IMAP server: [CLOSED] IMAP connection broken (authenticate) (errflg=2) in Unknown on line 0
[15-Apr-2026 11:05:33 Asia/Karachi] PHP Notice:  PHP Request Shutdown: Can not authenticate to IMAP server: [CLOSED] IMAP connection broken (authenticate) (errflg=2) in Unknown on line 0
[15-Apr-2026 11:09:52 Asia/Karachi] PHP Notice:  PHP Request Shutdown: Can not authenticate to IMAP server: [CLOSED] IMAP connection broken (authenticate) (errflg=2) in Unknown on line 0
[16-Apr-2026 16:56:23 Asia/Karachi] PHP Notice:  PHP Request Shutdown: TLS/SSL failure for imap.hostinger.com: SSL negotiation failed (errflg=2) in Unknown on line 0
[16-Apr-2026 16:58:22 Asia/Karachi] PHP Notice:  PHP Request Shutdown: TLS/SSL failure for imap.hostinger.com: SSL negotiation failed (errflg=2) in Unknown on line 0
[16-Apr-2026 17:00:21 Asia/Karachi] PHP Notice:  PHP Request Shutdown: TLS/SSL failure for imap.hostinger.com: SSL negotiation failed (errflg=2) in Unknown on line 0
[16-Apr-2026 17:02:22 Asia/Karachi] PHP Notice:  PHP Request Shutdown: TLS/SSL failure for imap.hostinger.com: SSL negotiation failed (errflg=2) in Unknown on line 0
[16-Apr-2026 17:04:23 Asia/Karachi] PHP Notice:  PHP Request Shutdown: TLS/SSL failure for imap.hostinger.com: SSL negotiation failed (errflg=2) in Unknown on line 0
[16-Apr-2026 17:06:27 Asia/Karachi] PHP Notice:  PHP Request Shutdown: TLS/SSL failure for imap.hostinger.com: SSL negotiation failed (errflg=2) in Unknown on line 0
[16-Apr-2026 17:08:26 Asia/Karachi] PHP Notice:  PHP Request Shutdown: TLS/SSL failure for imap.hostinger.com: SSL negotiation failed (errflg=2) in Unknown on line 0
[16-Apr-2026 17:10:23 Asia/Karachi] PHP Notice:  PHP Request Shutdown: TLS/SSL failure for imap.hostinger.com: SSL negotiation failed (errflg=2) in Unknown on line 0
[16-Apr-2026 17:12:22 Asia/Karachi] PHP Notice:  PHP Request Shutdown: TLS/SSL failure for imap.hostinger.com: SSL negotiation failed (errflg=2) in Unknown on line 0
[16-Apr-2026 17:14:27 Asia/Karachi] PHP Notice:  PHP Request Shutdown: TLS/SSL failure for imap.hostinger.com: SSL negotiation failed (errflg=2) in Unknown on line 0
[16-Apr-2026 17:16:28 Asia/Karachi] PHP Notice:  PHP Request Shutdown: TLS/SSL failure for imap.hostinger.com: SSL negotiation failed (errflg=2) in Unknown on line 0
[16-Apr-2026 17:18:24 Asia/Karachi] PHP Notice:  PHP Request Shutdown: TLS/SSL failure for imap.hostinger.com: SSL negotiation failed (errflg=2) in Unknown on line 0
[16-Apr-2026 17:20:25 Asia/Karachi] PHP Notice:  PHP Request Shutdown: TLS/SSL failure for imap.hostinger.com: SSL negotiation failed (errflg=2) in Unknown on line 0
[16-Apr-2026 17:24:00 Asia/Karachi] PHP Notice:  PHP Request Shutdown: TLS/SSL failure for imap.hostinger.com: SSL negotiation failed (errflg=2) in Unknown on line 0
[16-Apr-2026 17:24:20 Asia/Karachi] PHP Notice:  PHP Request Shutdown: TLS/SSL failure for imap.hostinger.com: SSL negotiation failed (errflg=2) in Unknown on line 0
